<?xml version="1.0" encoding="UTF-8"?>
<!-- Generated by org.testng.reporters.JUnitReportReporter -->
<testsuite hostname="DESKTOP-DG3TCKO" failures="0" tests="1" name="LinkedInPackage.LinkedInDataCollection" time="375.924" errors="0" timestamp="11 Sep 2023 07:15:02 GMT" skipped="0">
  <testcase classname="LinkedInPackage.LinkedInDataCollection" name="extractDataFromLinkedIn" time="375.924"/>
</testsuite> <!-- LinkedInPackage.LinkedInDataCollection -->
